2026-06-11 20:18:20,778 - Folder does not exist
2026-06-11 20:18:34,866 - Folder does not exist
2026-06-11 20:19:42,054 - Folder does not exist
2026-06-11 20:22:40,170 - 069cbb-The ultimate, fully completed GTA 5 save file.zip moved to D:\Downloads\TestFolder\ZIP
2026-06-11 20:22:40,171 - 223afb-2018 Lamborghini Terzo Millennio Concept Car [ Add-On l Manual Spoiler l HQ] 2.0\u3010yanfenglenfan\u3011.zip moved to D:\Downloads\TestFolder\ZIP
2026-06-11 20:22:40,174 - 8da560-RmodCustoms LamborghiniSian 1.0.rar moved to D:\Downloads\TestFolder\RAR
2026-06-11 20:22:40,174 - AdvancedDatabaseSystems  -  Modulhkhjje 4.pptx moved to D:\Downloads\TestFolder\PPTX
2026-06-11 20:22:40,175 - BlueStacksInstaller_5.22.210.1033_native_bc5f9599f77b736979a5772db66f7357_MzsxNSwwOzUsMTsxNSw0OzE1LDU7MTU=.exe moved to D:\Downloads\TestFolder\EXE
2026-06-11 20:22:40,175 - COMPLETE MODS.rar moved to D:\Downloads\TestFolder\RAR
2026-06-11 20:22:40,176 - CSE2262_AoA_ET_Announcement.pdf moved to D:\Downloads\TestFolder\PDF
2026-06-11 20:22:40,176 - DBMS End-Term Question Bank.docx moved to D:\Downloads\TestFolder\DOCX
2026-06-11 20:22:40,177 - dbms1.pdf moved to D:\Downloads\TestFolder\PDF
2026-06-11 20:22:40,177 - dbms2.ppt moved to D:\Downloads\TestFolder\PPT
2026-06-11 20:22:40,178 - End-Term Sample QP.docx moved to D:\Downloads\TestFolder\DOCX
2026-06-11 20:22:40,178 - Module_3 Updatedghhggff.pptx moved to D:\Downloads\TestFolder\PPTX
2026-06-11 20:22:40,178 - NISARGA CV.pdf moved to D:\Downloads\TestFolder\PDF
2026-06-11 20:22:40,179 - Online Application Receipt.pdf moved to D:\Downloads\TestFolder\PDF
2026-06-11 20:22:40,179 - porsche-911-gt3-s-c-6000x3377-26445.jpg moved to D:\Downloads\TestFolder\JPG
2026-06-11 20:22:40,179 - rolls-royce-ghost-7680x4320-15062.jpg moved to D:\Downloads\TestFolder\JPG
2026-06-11 20:22:40,180 - ScpToolkit v1.6.238.16010.zip moved to D:\Downloads\TestFolder\ZIP
2026-06-11 20:22:40,180 - ScpToolkit_Setup.exe moved to D:\Downloads\TestFolder\EXE
2026-06-11 20:22:40,180 - ScriptHookVDotNet-v3.7.0-nightly.142.zip moved to D:\Downloads\TestFolder\ZIP
2026-06-11 20:22:40,181 - ScriptHookV_3788.0_1013.34.zip moved to D:\Downloads\TestFolder\ZIP
2026-06-11 20:22:40,181 - winrar-x64-722.exe moved to D:\Downloads\TestFolder\EXE
2026-06-11 20:22:40,182 - xampp-windows-x64-8.0.30-0-VS16-installer.exe moved to D:\Downloads\TestFolder\EXE
